<?xml version="1.0" encoding="UTF-8"?>
<!-- Generated by org.testng.reporters.JUnitXMLReporter -->
<testsuite hostname="ASDP1728PO02529" ignored="0" name="Command line test" tests="4" failures="0" timestamp="11 Jul 2017 07:38:27 GMT" time="10.735" errors="0">
  <testcase name="gettingDataFromInput" time="3.106" classname="com.training.computerDatabase.ApiTest"/>
  <testcase name="addComputer" time="3.146" classname="com.training.computerDatabase.UITest"/>
  <testcase name="loadSite" time="0.26" classname="com.training.computerDatabase.UITest"/>
  <testcase name="searchComputer" time="1.25" classname="com.training.computerDatabase.UITest"/>
</testsuite> <!-- Command line test -->
